kotlin version: 2.0.21
error message: java.lang.OutOfMemoryError: Java heap space
	at java.base/java.util.Arrays.copyOf(Unknown Source)
	at java.base/java.io.ByteArrayOutputStream.ensureCapacity(Unknown Source)
	at java.base/java.io.ByteArrayOutputStream.write(Unknown Source)
	at org.jetbrains.kotlin.wasm.ir.convertors.ByteWriter$OutputStream.writeByte(WasmIrToBinary.kt:719)
	at org.jetbrains.kotlin.wasm.ir.convertors.ByteWriter.writeUnsignedLeb128-WZ4Q5Ns(WasmIrToBinary.kt:685)
	at org.jetbrains.kotlin.wasm.ir.convertors.ByteWriter.writeVarUInt32-WZ4Q5Ns(WasmIrToBinary.kt:675)
	at org.jetbrains.kotlin.wasm.ir.convertors.WasmIrToBinary.writeVarUInt32(WasmIrToBinary.kt:614)
	at org.jetbrains.kotlin.wasm.ir.convertors.WasmIrToBinary.appendDefinedFunction(WasmIrToBinary.kt:427)
	at org.jetbrains.kotlin.wasm.ir.convertors.WasmIrToBinary.appendWasmModule$lambda$28$lambda$8(WasmIrToBinary.kt:122)
	at org.jetbrains.kotlin.wasm.ir.convertors.WasmIrToBinary$$Lambda/0x0000000100192490.invoke(Unknown Source)
	at org.jetbrains.kotlin.wasm.ir.convertors.WasmIrToBinary.appendSection_Sr9dMcE$lambda$45(WasmIrToBinary.kt:326)
	at org.jetbrains.kotlin.wasm.ir.convertors.WasmIrToBinary$$Lambda/0x0000000100934bb0.invoke(Unknown Source)
	at org.jetbrains.kotlin.wasm.ir.convertors.WasmIrToBinary.withVarUInt32PayloadSizePrepended(WasmIrToBinary.kt:337)
	at org.jetbrains.kotlin.wasm.ir.convertors.WasmIrToBinary.appendSection-Sr9dMcE(WasmIrToBinary.kt:326)
	at org.jetbrains.kotlin.wasm.ir.convertors.WasmIrToBinary.appendWasmModule(WasmIrToBinary.kt:120)
	at org.jetbrains.kotlin.backend.wasm.WasmCompilerKt.compileWasm-uzOlIq4(wasmCompiler.kt:161)
	at org.jetbrains.kotlin.cli.js.K2JsIrCompiler.doExecute(K2JsIrCompiler.kt:429)
	at org.jetbrains.kotlin.cli.js.K2JSCompiler.doExecute(K2JSCompiler.java:70)
	at org.jetbrains.kotlin.cli.js.K2JSCompiler.doExecute(K2JSCompiler.java:33)
	at org.jetbrains.kotlin.cli.common.CLICompiler.execImpl(CLICompiler.kt:103)
	at org.jetbrains.kotlin.cli.common.CLICompiler.execImpl(CLICompiler.kt:49)
	at org.jetbrains.kotlin.cli.common.CLITool.exec(CLITool.kt:101)
	at org.jetbrains.kotlin.daemon.CompileServiceImpl.compile(CompileServiceImpl.kt:1555)
	at java.base/java.lang.invoke.LambdaForm$DMH/0x000000010019c400.invokeInterface(LambdaForm$DMH)
	at java.base/java.lang.invoke.LambdaForm$MH/0x000000010019f800.invoke(LambdaForm$MH)
	at java.base/java.lang.invoke.Invokers$Holder.invokeExact_MT(Invokers$Holder)
	at java.base/jdk.internal.reflect.DirectMethodHandleAccessor.invokeImpl(Unknown Source)
	at java.base/jdk.internal.reflect.DirectMethodHandleAccessor.invoke(Unknown Source)
	at java.base/java.lang.reflect.Method.invoke(Unknown Source)
	at java.rmi/sun.rmi.server.UnicastServerRef.dispatch(Unknown Source)
	at java.rmi/sun.rmi.transport.Transport$1.run(Unknown Source)
	at java.rmi/sun.rmi.transport.Transport$1.run(Unknown Source)


